2020-11-20 11:21:21,425 : WARN  : main :  : Node : ARFF Reader : 3:1 : No source location provided! Please enter a valid location.
2020-11-20 11:26:48,771 : WARN  : main :  : Node : String Replace (Dictionary) : 3:2 : No settings available
2020-11-20 11:28:55,384 : WARN  : main :  : Node : String Replacer : 3:3 : Selected column 'null' does not exist in input table
2020-11-20 11:45:57,296 : WARN  : main :  : Node : String Replace (Dictionary) : 3:4 : No settings available
2020-11-20 11:56:29,496 : WARN  : main :  : Node : Color Manager : 3:5 : Selected column "genero" with default nominal color mapping.
2020-11-20 12:04:49,777 : WARN  : main :  : Node : Normalizer : 3:7 : Auto-configure: [0, 1] normalization on all numeric columns: "solo_hora"
2020-11-20 12:05:35,710 : WARN  : KNIME-Worker-17-Scatter Plot 3:6 :  : Node : Scatter Plot : 3:6 : Only the first 2500 rows are displayed.
2020-11-20 12:06:05,956 : WARN  : KNIME-Worker-18-Scatter Plot 3:6 :  : Node : Scatter Plot : 3:6 : Only the first 2500 rows are displayed.
2020-11-20 12:06:54,404 : ERROR : KNIME-Worker-18-Scatter Plot 3:6 :  : LocalNodeExecutionJob : Scatter Plot : 3:6 : Caught "BridgeException": :-1
The attribute "height" of the element <rect> cannot be negative
org.apache.batik.bridge.BridgeException: :-1
The attribute "height" of the element <rect> cannot be negative
	at org.apache.batik.bridge.SVGRectElementBridge.buildShape(SVGRectElementBridge.java:119)
	at org.apache.batik.bridge.SVGShapeElementBridge.createGraphicsNode(SVGShapeElementBridge.java:60)
	at org.apache.batik.bridge.GVTBuilder.buildGraphicsNode(GVTBuilder.java:213)
	at org.apache.batik.bridge.GVTBuilder.buildComposite(GVTBuilder.java:171)
	at org.apache.batik.bridge.GVTBuilder.buildGraphicsNode(GVTBuilder.java:219)
	at org.apache.batik.bridge.GVTBuilder.buildComposite(GVTBuilder.java:171)
	at org.apache.batik.bridge.GVTBuilder.buildGraphicsNode(GVTBuilder.java:219)
	at org.apache.batik.bridge.GVTBuilder.buildComposite(GVTBuilder.java:171)
	at org.apache.batik.bridge.GVTBuilder.build(GVTBuilder.java:82)
	at org.knime.base.data.xml.SvgImageContent.getPreferredSize(SvgImageContent.java:206)
	at org.knime.base.data.xml.SvgImageContent.getSummary(SvgImageContent.java:274)
	at org.knime.core.node.port.image.ImagePortObject.getSummary(ImagePortObject.java:160)
	at org.knime.core.node.Node.setOutPortObjects(Node.java:1353)
	at org.knime.core.node.Node.execute(Node.java:1118)
	at org.knime.core.node.workflow.NativeNodeContainer.performExecuteNode(NativeNodeContainer.java:558)
	at org.knime.core.node.exec.LocalNodeExecutionJob.mainExecute(LocalNodeExecutionJob.java:95)
	at org.knime.core.node.workflow.NodeExecutionJob.internalRun(NodeExecutionJob.java:201)
	at org.knime.core.node.workflow.NodeExecutionJob.run(NodeExecutionJob.java:117)
	at org.knime.core.util.ThreadUtils$RunnableWithContextImpl.runWithContext(ThreadUtils.java:334)
	at org.knime.core.util.ThreadUtils$RunnableWithContext.run(ThreadUtils.java:210)
	at java.util.concurrent.Executors$RunnableAdapter.call(Executors.java:511)
	at java.util.concurrent.FutureTask.run(FutureTask.java:266)
	at org.knime.core.util.ThreadPool$MyFuture.run(ThreadPool.java:123)
	at org.knime.core.util.ThreadPool$Worker.run(ThreadPool.java:246)
2020-11-20 12:09:42,945 : WARN  : KNIME-Worker-20-Scatter Plot 3:6 :  : Node : Scatter Plot : 3:6 : Only the first 2500 rows are displayed.
2020-11-20 12:09:51,857 : WARN  : KNIME-Worker-20-Scatter Plot 3:6 :  : Node : Scatter Plot : 3:6 : Execution canceled
2020-11-20 12:09:59,475 : WARN  : KNIME-Worker-21-Scatter Plot 3:6 :  : Node : Scatter Plot : 3:6 : Only the first 2500 rows are displayed.
2020-11-20 12:11:22,394 : WARN  : KNIME-Worker-22-Scatter Plot 3:6 :  : Node : Scatter Plot : 3:6 : Only the first 2500 rows are displayed.
2020-11-20 12:12:53,330 : WARN  : KNIME-Worker-23-Scatter Plot 3:6 :  : Node : Scatter Plot : 3:6 : Only the first 2566 rows are displayed.
2020-11-20 12:14:23,594 : WARN  : KNIME-Worker-24-Scatter Plot 3:6 :  : Node : Scatter Plot : 3:6 : Only the first 2566 rows are displayed.
2020-11-20 12:17:29,286 : WARN  : KNIME-Worker-27-Scatter Plot 3:6 :  : Node : Scatter Plot : 3:6 : Only the first 2566 rows are displayed.
2020-11-20 12:18:30,559 : WARN  : KNIME-Worker-28-Scatter Plot 3:8 :  : Node : Scatter Plot : 3:8 : Only the first 2566 rows are displayed.
2020-11-20 12:19:25,044 : WARN  : KNIME-Worker-30-Scatter Plot 3:6 :  : Node : Scatter Plot : 3:6 : Only the first 2566 rows are displayed.
2020-11-20 12:19:32,887 : WARN  : KNIME-Worker-32-Scatter Plot 3:8 :  : Node : Scatter Plot : 3:8 : Only the first 2566 rows are displayed.
2020-11-20 12:20:20,444 : WARN  : KNIME-Worker-33-Scatter Plot 3:8 :  : Node : Scatter Plot : 3:8 : Only the first 2566 rows are displayed.
2020-11-20 14:28:34,155 : WARN  : main :  : Node : k-Medoids : 3:9 : Configuration Missing.
2020-11-20 14:28:47,798 : WARN  : main :  : WrappedNodeDialog : k-Medoids : 3:9 : failed to apply settings: No Distance Matrix column selected.
org.knime.core.node.InvalidSettingsException: No Distance Matrix column selected.
	at org.knime.core.node.util.CheckUtils.checkSetting(CheckUtils.java:269)
	at org.knime.core.node.util.CheckUtils.checkSetting(CheckUtils.java:219)
	at org.knime.distmatrix.kmedoids.KMedoidsNodeDialogPane.saveSettingsTo(KMedoidsNodeDialogPane.java:364)
	at org.knime.core.node.NodeDialogPane.internalSaveSettingsTo(NodeDialogPane.java:532)
	at org.knime.core.node.NodeDialogPane$5.run(NodeDialogPane.java:769)
	at org.knime.core.node.util.ViewUtils$3.run(ViewUtils.java:353)
	at org.knime.core.node.util.ViewUtils$2.run(ViewUtils.java:155)
	at java.awt.event.InvocationEvent.dispatch(InvocationEvent.java:311)
	at java.awt.EventQueue.dispatchEventImpl(EventQueue.java:758)
	at java.awt.EventQueue.access$500(EventQueue.java:97)
	at java.awt.EventQueue$3.run(EventQueue.java:709)
	at java.awt.EventQueue$3.run(EventQueue.java:703)
	at java.security.AccessController.doPrivileged(Native Method)
	at java.security.ProtectionDomain$JavaSecurityAccessImpl.doIntersectionPrivilege(ProtectionDomain.java:74)
	at java.awt.EventQueue.dispatchEvent(EventQueue.java:728)
	at java.awt.EventDispatchThread.pumpOneEventForFilters(EventDispatchThread.java:205)
	at java.awt.EventDispatchThread.pumpEventsForFilter(EventDispatchThread.java:116)
	at java.awt.EventDispatchThread.pumpEventsForHierarchy(EventDispatchThread.java:105)
	at java.awt.EventDispatchThread.pumpEvents(EventDispatchThread.java:101)
	at java.awt.EventDispatchThread.pumpEvents(EventDispatchThread.java:93)
	at java.awt.EventDispatchThread.run(EventDispatchThread.java:82)
2020-11-20 14:29:44,419 : WARN  : main :  : DataTableSpec : k-Means : 3:9 : DataColumnSpec already contains a color handler, ignoring color handler from second spec.
2020-11-20 14:29:49,512 : WARN  : main :  : DataTableSpec : k-Means : 3:9 : DataColumnSpec already contains a color handler, ignoring color handler from second spec.
2020-11-20 14:29:52,887 : WARN  : KNIME-Worker-34-k-Means 3:9 :  : DataTableSpec : k-Means : 3:9 : DataColumnSpec already contains a color handler, ignoring color handler from second spec.
2020-11-20 14:31:21,813 : WARN  : KNIME-Worker-36-Scatter Plot 3:11 :  : Node : Scatter Plot : 3:11 : Only the first 2566 rows are displayed.
2020-11-20 14:40:00,890 : WARN  : main :  : Node : k-Medoids : 3:12 : Configuration Missing.
2020-11-20 14:40:30,346 : WARN  : KNIME-Worker-43-Scatter Plot 3:8 :  : Node : Scatter Plot : 3:8 : Only the first 3000 rows are displayed.
2020-11-20 14:41:15,582 : WARN  : KNIME-Worker-44-Scatter Plot 3:8 :  : Node : Scatter Plot : 3:8 : Only the first 26430 rows are displayed.
2020-11-20 14:41:29,346 : WARN  : KNIME-Worker-45-Scatter Plot 3:6 :  : Node : Scatter Plot : 3:6 : Only the first 26430 rows are displayed.
2020-11-20 14:42:09,554 : WARN  : KNIME-Worker-46-Scatter Plot 3:6 :  : Node : Scatter Plot : 3:6 : Only the first 26430 rows are displayed.
2020-11-20 14:43:40,414 : WARN  : main :  : Node : Normalizer : 3:7 : No columns included - input stays unchanged.
2020-11-20 14:43:42,658 : WARN  : KNIME-Worker-47-Color Manager 3:5 :  : Node : Normalizer : 3:7 : No columns included - input stays unchanged.
2020-11-20 14:43:42,663 : WARN  : KNIME-Worker-48-Normalizer 3:7 :  : Node : Normalizer : 3:7 : No columns included - input stays unchanged.
2020-11-20 14:43:56,056 : WARN  : KNIME-Worker-49-Scatter Plot 3:8 :  : Node : Scatter Plot : 3:8 : Only the first 26430 rows are displayed.
2020-11-20 14:44:33,282 : WARN  : KNIME-Worker-50-Scatter Plot 3:8 :  : Node : Scatter Plot : 3:8 : Only the first 26430 rows are displayed.
2020-11-20 14:44:44,436 : WARN  : KNIME-Worker-51-Scatter Plot 3:6 :  : Node : Scatter Plot : 3:6 : Only the first 26430 rows are displayed.
2020-11-20 14:51:51,129 : WARN  : main :  : DataTableSpec : k-Means : 3:9 : DataColumnSpec already contains a color handler, ignoring color handler from second spec.
2020-11-20 14:52:14,929 : WARN  : main :  : DataTableSpec : k-Means : 3:9 : DataColumnSpec already contains a color handler, ignoring color handler from second spec.
2020-11-20 14:52:17,145 : WARN  : KNIME-Worker-53-Normalizer 3:7 :  : DataTableSpec : k-Means : 3:9 : DataColumnSpec already contains a color handler, ignoring color handler from second spec.
2020-11-20 14:52:19,271 : WARN  : KNIME-Worker-54-Scatter Plot 3:8 :  : Node : Scatter Plot : 3:8 : Only the first 26430 rows are displayed.
2020-11-20 14:52:32,244 : WARN  : KNIME-Worker-55-k-Means 3:9 :  : DataTableSpec : k-Means : 3:9 : DataColumnSpec already contains a color handler, ignoring color handler from second spec.
2020-11-20 14:54:14,054 : WARN  : KNIME-Worker-57-Scatter Plot 3:11 :  : Node : Scatter Plot : 3:11 : Only the first 26430 rows are displayed.
2020-11-20 15:22:00,087 : WARN  : KNIME-Worker-4-Scatter Plot 0:6 :  : Node : Scatter Plot : 0:6 : Only the first 26430 rows are displayed.
2020-11-20 15:22:50,390 : WARN  : KNIME-Worker-5-Scatter Plot 0:6 :  : Node : Scatter Plot : 0:6 : Only the first 26430 rows are displayed.
2020-11-20 15:22:57,370 : WARN  : KNIME-Worker-4-Scatter Plot 0:8 :  : Node : Scatter Plot : 0:8 : Only the first 26430 rows are displayed.
2020-11-20 15:25:39,586 : WARN  : KNIME-Worker-6-Scatter Plot 0:6 :  : Node : Scatter Plot : 0:6 : Only the first 26430 rows are displayed.
2020-11-20 15:26:01,219 : WARN  : KNIME-Worker-7-Scatter Plot 0:8 :  : Node : Scatter Plot : 0:8 : Only the first 26430 rows are displayed.
2020-11-20 15:28:33,771 : WARN  : KNIME-Worker-8-Scatter Plot 0:6 :  : Node : Scatter Plot : 0:6 : Only the first 26430 rows are displayed.
2020-11-20 15:29:13,851 : WARN  : KNIME-Worker-9-Scatter Plot 0:8 :  : Node : Scatter Plot : 0:8 : Only the first 26430 rows are displayed.
2020-11-20 15:30:09,218 : WARN  : KNIME-Worker-10-Scatter Plot 0:8 :  : Node : Scatter Plot : 0:8 : Only the first 26430 rows are displayed.
2020-11-20 15:31:24,815 : WARN  : KNIME-Worker-11-Scatter Plot 0:9 :  : Node : Scatter Plot : 0:9 : Only the first 26430 rows are displayed.
2020-11-20 15:31:30,014 : WARN  : main :  : WrappedNodeDialog : Scatter Plot : 0:9 : failed to apply settings: Cannot load settings into node; it is executing or has executing successors
java.lang.IllegalStateException: Cannot load settings into node; it is executing or has executing successors
	at org.knime.core.node.workflow.WorkflowManager.loadNodeSettings(WorkflowManager.java:1951)
	at org.knime.core.node.workflow.NodeContainer.applySettingsFromDialog(NodeContainer.java:1081)
	at org.knime.core.ui.wrapper.NodeContainerWrapper.applySettingsFromDialog(NodeContainerWrapper.java:263)
	at org.knime.workbench.ui.wrapper.WrappedNodeDialog.doApply(WrappedNodeDialog.java:638)
	at org.knime.workbench.ui.wrapper.WrappedNodeDialog.doOK(WrappedNodeDialog.java:553)
	at org.knime.workbench.ui.wrapper.WrappedNodeDialog.access$8(WrappedNodeDialog.java:551)
	at org.knime.workbench.ui.wrapper.WrappedNodeDialog$5.widgetSelected(WrappedNodeDialog.java:489)
	at org.eclipse.swt.widgets.TypedListener.handleEvent(TypedListener.java:252)
	at org.eclipse.swt.widgets.EventTable.sendEvent(EventTable.java:89)
	at org.eclipse.swt.widgets.Display.sendEvent(Display.java:4105)
	at org.eclipse.swt.widgets.Widget.sendEvent(Widget.java:1037)
	at org.eclipse.swt.widgets.Display.runDeferredEvents(Display.java:3922)
	at org.eclipse.swt.widgets.Display.readAndDispatch(Display.java:3524)
	at org.eclipse.jface.window.Window.runEventLoop(Window.java:823)
	at org.eclipse.jface.window.Window.open(Window.java:799)
	at org.knime.workbench.ui.wrapper.WrappedNodeDialog.open(WrappedNodeDialog.java:196)
	at org.knime.workbench.editor2.editparts.NodeContainerEditPart.openNodeDialog(NodeContainerEditPart.java:925)
	at org.knime.workbench.editor2.actions.OpenDialogAction.runOnNodes(OpenDialogAction.java:129)
	at org.knime.workbench.editor2.actions.AbstractNodeAction.runInSWT(AbstractNodeAction.java:174)
	at org.knime.workbench.editor2.actions.AbstractNodeAction$1.run(AbstractNodeAction.java:160)
	at org.eclipse.swt.widgets.Synchronizer.syncExec(Synchronizer.java:236)
	at org.eclipse.ui.internal.UISynchronizer.syncExec(UISynchronizer.java:133)
	at org.eclipse.swt.widgets.Display.syncExec(Display.java:4561)
	at org.knime.workbench.editor2.actions.AbstractNodeAction.run(AbstractNodeAction.java:157)
	at org.eclipse.jface.action.Action.runWithEvent(Action.java:474)
	at org.eclipse.jface.action.ActionContributionItem.handleWidgetSelection(ActionContributionItem.java:579)
	at org.eclipse.jface.action.ActionContributionItem.lambda$4(ActionContributionItem.java:413)
	at org.eclipse.swt.widgets.EventTable.sendEvent(EventTable.java:89)
	at org.eclipse.swt.widgets.Display.sendEvent(Display.java:4105)
	at org.eclipse.swt.widgets.Widget.sendEvent(Widget.java:1037)
	at org.eclipse.swt.widgets.Display.runDeferredEvents(Display.java:3922)
	at org.eclipse.swt.widgets.Display.readAndDispatch(Display.java:3524)
	at org.eclipse.e4.ui.internal.workbench.swt.PartRenderingEngine$5.run(PartRenderingEngine.java:1160)
	at org.eclipse.core.databinding.observable.Realm.runWithDefault(Realm.java:338)
	at org.eclipse.e4.ui.internal.workbench.swt.PartRenderingEngine.run(PartRenderingEngine.java:1049)
	at org.eclipse.e4.ui.internal.workbench.E4Workbench.createAndRunUI(E4Workbench.java:155)
	at org.eclipse.ui.internal.Workbench.lambda$3(Workbench.java:658)
	at org.eclipse.core.databinding.observable.Realm.runWithDefault(Realm.java:338)
	at org.eclipse.ui.internal.Workbench.createAndRunWorkbench(Workbench.java:557)
	at org.eclipse.ui.PlatformUI.createAndRunWorkbench(PlatformUI.java:154)
	at org.knime.product.rcp.KNIMEApplication.start(KNIMEApplication.java:174)
	at org.eclipse.equinox.internal.app.EclipseAppHandle.run(EclipseAppHandle.java:203)
	at org.eclipse.core.runtime.internal.adaptor.EclipseAppLauncher.runApplication(EclipseAppLauncher.java:137)
	at org.eclipse.core.runtime.internal.adaptor.EclipseAppLauncher.start(EclipseAppLauncher.java:107)
	at org.eclipse.core.runtime.adaptor.EclipseStarter.run(EclipseStarter.java:401)
	at org.eclipse.core.runtime.adaptor.EclipseStarter.run(EclipseStarter.java:255)
	at sun.reflect.NativeMethodAccessorImpl.invoke0(Native Method)
	at sun.reflect.NativeMethodAccessorImpl.invoke(NativeMethodAccessorImpl.java:62)
	at sun.reflect.DelegatingMethodAccessorImpl.invoke(DelegatingMethodAccessorImpl.java:43)
	at java.lang.reflect.Method.invoke(Method.java:498)
	at org.eclipse.equinox.launcher.Main.invokeFramework(Main.java:657)
	at org.eclipse.equinox.launcher.Main.basicRun(Main.java:594)
	at org.eclipse.equinox.launcher.Main.run(Main.java:1447)
2020-11-20 15:37:09,947 : WARN  : KNIME-Worker-12-Scatter Plot 0:7 :  : Node : Scatter Plot : 0:7 : Only the first 26430 rows are displayed.
2020-11-20 15:43:11,649 : WARN  : main :  : Node : Normalizer : 0:7 : Auto-configure: [0, 1] normalization on all numeric columns: "solo_hora"
2020-11-20 15:48:01,346 : WARN  : main :  : DataTableSpec : k-Means : 0:9 : DataColumnSpec already contains a color handler, ignoring color handler from second spec.
2020-11-20 15:48:12,904 : WARN  : main :  : DataTableSpec : k-Means : 0:9 : DataColumnSpec already contains a color handler, ignoring color handler from second spec.
2020-11-20 15:48:15,326 : WARN  : KNIME-Worker-14-k-Means 0:9 :  : DataTableSpec : k-Means : 0:9 : DataColumnSpec already contains a color handler, ignoring color handler from second spec.
2020-11-20 15:48:50,093 : WARN  : main :  : Node : Decision Tree Learner : 0:0:16 : Class column "class" not found or incompatible
2020-11-20 15:48:52,778 : WARN  : KNIME-Worker-15-X-Partitioner 0:0:2 :  : Node : Decision Tree Learner : 0:0:16 : Class column "class" not found or incompatible
2020-11-20 15:49:23,049 : WARN  : main :  : Node : Decision Tree Learner : 0:0:16 : Class column "class" not found or incompatible
2020-11-20 15:49:34,546 : WARN  : KNIME-Worker-16-X-Partitioner 0:0:2 :  : Node : Decision Tree Learner : 0:0:16 : Class column "class" not found or incompatible
2020-11-20 15:50:14,803 : WARN  : main :  : Node : Decision Tree Learner : 0:0:16 : Class column "class" not found or incompatible
2020-11-20 15:57:24,138 : WARN  : main :  : DataTableSpec : k-Means : 0:9 : DataColumnSpec already contains a color handler, ignoring color handler from second spec.
